2026-02-02 21:41:48.751 [info] Reading sessions from keychain...
2026-02-02 21:41:48.751 [info] Getting sessions for all scopes...
2026-02-02 21:41:48.751 [info] Got 0 sessions for ...
2026-02-02 21:41:48.751 [info] Getting sessions for all scopes...
2026-02-02 21:41:48.751 [info] Got 0 sessions for ...
2026-02-02 21:41:48.751 [info] Getting sessions for all scopes...
2026-02-02 21:41:48.751 [info] Got 0 sessions for ...
2026-02-02 21:41:48.751 [info] Getting sessions for all scopes...
2026-02-02 21:41:48.751 [info] Got 0 sessions for ...
2026-02-02 21:41:48.751 [info] Getting sessions for all scopes...
2026-02-02 21:41:48.751 [info] Got 0 sessions for ...
2026-02-02 21:41:48.751 [info] Getting sessions for all scopes...
2026-02-02 21:41:48.751 [info] Got 0 sessions for ...
2026-02-02 21:41:48.751 [info] Getting sessions for all scopes...
2026-02-02 21:41:48.751 [info] Got 0 sessions for ...
2026-02-02 21:41:48.751 [info] Getting sessions for all scopes...
2026-02-02 21:41:48.751 [info] Got 0 sessions for ...
2026-02-02 21:41:48.751 [info] Getting sessions for all scopes...
2026-02-02 21:41:48.751 [info] Got 0 sessions for ...
2026-02-02 21:41:48.751 [info] Getting sessions for all scopes...
2026-02-02 21:41:48.751 [info] Got 0 sessions for ...
2026-02-02 21:41:49.042 [info] Getting sessions for all scopes...
2026-02-02 21:41:49.042 [info] Got 0 sessions for ...
2026-02-02 21:41:49.043 [info] Getting sessions for all scopes...
2026-02-02 21:41:49.043 [info] Got 0 sessions for ...
2026-02-02 21:41:49.044 [info] Getting sessions for all scopes...
2026-02-02 21:41:49.044 [info] Got 0 sessions for ...
2026-02-02 21:41:49.044 [info] Getting sessions for all scopes...
2026-02-02 21:41:49.044 [info] Got 0 sessions for ...
2026-02-02 21:41:49.045 [info] Getting sessions for all scopes...
2026-02-02 21:41:49.045 [info] Got 0 sessions for ...
2026-02-02 21:41:49.045 [info] Getting sessions for all scopes...
2026-02-02 21:41:49.045 [info] Got 0 sessions for ...
2026-02-02 21:41:51.505 [info] Getting sessions for all scopes...
2026-02-02 21:41:51.505 [info] Got 0 sessions for ...
2026-02-02 21:41:58.906 [info] Getting sessions for read:user,repo,user:email,workflow...
2026-02-02 21:41:58.906 [info] Got 0 sessions for read:user,repo,user:email,workflow...
