2026-02-01 21:31:14.316 [info] [main] Log level: Info
2026-02-01 21:31:14.316 [info] [main] Validating found git in: "git"
2026-02-01 21:31:14.724 [info] [main] Using git "2.51.0" from "git"
2026-02-01 21:31:14.724 [info] [Model][doInitialScan] Initial repository scan started
2026-02-01 21:31:14.948 [info] > git rev-parse --show-toplevel [158ms]
2026-02-01 21:31:16.550 [info] > git rev-parse --git-dir --git-common-dir --show-superproject-working-tree [1547ms]
2026-02-01 21:31:16.581 [info] [Model][openRepository] Opened repository (path): /opt/lampp/htdocs/Loan_MS
2026-02-01 21:31:16.581 [info] [Model][openRepository] Opened repository (real path): /opt/lampp/htdocs/Loan_MS
2026-02-01 21:31:16.581 [info] [Model][openRepository] Opened repository (kind): repository
2026-02-01 21:31:16.609 [info] > git rev-parse --show-toplevel [9ms]
2026-02-01 21:31:16.617 [info] > git rev-parse --show-toplevel [3ms]
2026-02-01 21:31:16.626 [info] > git rev-parse --show-toplevel [3ms]
2026-02-01 21:31:16.634 [info] > git rev-parse --show-toplevel [3ms]
2026-02-01 21:31:16.642 [info] > git rev-parse --show-toplevel [2ms]
2026-02-01 21:31:16.650 [info] > git config --get commit.template [56ms]
2026-02-01 21:31:16.651 [info] > git rev-parse --show-toplevel [4ms]
2026-02-01 21:31:16.664 [info] > git rev-parse --show-toplevel [3ms]
2026-02-01 21:31:16.672 [info] > git rev-parse --show-toplevel [3ms]
2026-02-01 21:31:16.680 [info] > git rev-parse --show-toplevel [3ms]
2026-02-01 21:31:16.688 [info] > git rev-parse --show-toplevel [3ms]
2026-02-01 21:31:16.697 [info] > git rev-parse --show-toplevel [3ms]
2026-02-01 21:31:16.705 [info] > git rev-parse --show-toplevel [3ms]
2026-02-01 21:31:16.713 [info] [Model][doInitialScan] Initial repository scan completed - repositories (1), closed repositories (0), parent repositories (0), unsafe repositories (0)
2026-02-01 21:31:17.671 [info] > git for-each-ref --format=%(refname)%00%(upstream:short)%00%(objectname)%00%(upstream:track)%00%(upstream:remotename)%00%(upstream:remoteref) refs/heads/master refs/remotes/master [1065ms]
2026-02-01 21:31:17.744 [info] > git for-each-ref --sort -committerdate --format %(refname)%00%(objectname)%00%(*objectname) [49ms]
2026-02-01 21:31:18.273 [info] > git check-ignore -v -z --stdin [10ms]
2026-02-01 21:31:18.620 [info] > git status -z -uall [936ms]
2026-02-01 21:31:18.690 [info] > git for-each-ref --format=%(refname)%00%(upstream:short)%00%(objectname)%00%(upstream:track)%00%(upstream:remotename)%00%(upstream:remoteref) refs/heads/master refs/remotes/master [12ms]
2026-02-01 21:31:18.707 [info] > git config --get --local branch.master.vscode-merge-base [9ms]
2026-02-01 21:31:18.716 [info] > git config --get commit.template [26ms]
2026-02-01 21:31:18.769 [info] > git for-each-ref --format=%(refname)%00%(upstream:short)%00%(objectname)%00%(upstream:track)%00%(upstream:remotename)%00%(upstream:remoteref) refs/heads/origin/master refs/remotes/origin/master [54ms]
2026-02-01 21:31:18.878 [info] > git merge-base refs/heads/master refs/remotes/origin/master [93ms]
2026-02-01 21:31:18.901 [info] > git for-each-ref --format=%(refname)%00%(upstream:short)%00%(objectname)%00%(upstream:track)%00%(upstream:remotename)%00%(upstream:remoteref) refs/heads/master refs/remotes/master [23ms]
2026-02-01 21:31:18.929 [info] > git for-each-ref --sort -committerdate --format %(refname)%00%(objectname)%00%(*objectname) [8ms]
2026-02-01 21:31:18.935 [info] > git status -z -uall [23ms]
2026-02-01 21:31:19.000 [info] > git merge-base refs/heads/master refs/remotes/origin/master [32ms]
2026-02-01 21:31:19.136 [info] > git diff --raw --numstat --diff-filter=ADMR -z --find-renames=50% 29c05d671864d114f64ac33a679332dad7787ab3...refs/remotes/origin/master -- [123ms]
2026-02-01 21:31:19.141 [info] > git diff --raw --numstat --diff-filter=ADMR -z --find-renames=50% 29c05d671864d114f64ac33a679332dad7787ab3...refs/remotes/origin/master -- [248ms]
2026-02-01 21:31:33.781 [info] > git config --get commit.template [10ms]
2026-02-01 21:31:33.783 [info] > git for-each-ref --format=%(refname)%00%(upstream:short)%00%(objectname)%00%(upstream:track)%00%(upstream:remotename)%00%(upstream:remoteref) refs/heads/master refs/remotes/master [3ms]
2026-02-01 21:31:33.799 [info] > git for-each-ref --sort -committerdate --format %(refname)%00%(objectname)%00%(*objectname) [3ms]
2026-02-01 21:31:33.803 [info] > git status -z -uall [13ms]
2026-02-01 21:31:39.611 [info] > git config --get commit.template [5ms]
2026-02-01 21:31:39.628 [info] > git for-each-ref --format=%(refname)%00%(upstream:short)%00%(objectname)%00%(upstream:track)%00%(upstream:remotename)%00%(upstream:remoteref) refs/heads/master refs/remotes/master [7ms]
2026-02-01 21:31:39.673 [info] > git for-each-ref --sort -committerdate --format %(refname)%00%(objectname)%00%(*objectname) [5ms]
2026-02-01 21:31:39.684 [info] > git status -z -uall [41ms]
2026-02-01 21:31:44.737 [info] > git config --get commit.template [3ms]
2026-02-01 21:31:44.749 [info] > git for-each-ref --format=%(refname)%00%(upstream:short)%00%(objectname)%00%(upstream:track)%00%(upstream:remotename)%00%(upstream:remoteref) refs/heads/master refs/remotes/master [3ms]
2026-02-01 21:31:44.765 [info] > git for-each-ref --sort -committerdate --format %(refname)%00%(objectname)%00%(*objectname) [4ms]
2026-02-01 21:31:44.768 [info] > git status -z -uall [13ms]
2026-02-01 21:31:49.802 [info] > git config --get commit.template [10ms]
2026-02-01 21:31:49.805 [info] > git for-each-ref --format=%(refname)%00%(upstream:short)%00%(objectname)%00%(upstream:track)%00%(upstream:remotename)%00%(upstream:remoteref) refs/heads/master refs/remotes/master [5ms]
2026-02-01 21:31:49.831 [info] > git for-each-ref --sort -committerdate --format %(refname)%00%(objectname)%00%(*objectname) [8ms]
2026-02-01 21:31:49.842 [info] > git status -z -uall [28ms]
2026-02-01 21:31:54.878 [info] > git config --get commit.template [10ms]
2026-02-01 21:31:54.880 [info] > git for-each-ref --format=%(refname)%00%(upstream:short)%00%(objectname)%00%(upstream:track)%00%(upstream:remotename)%00%(upstream:remoteref) refs/heads/master refs/remotes/master [4ms]
2026-02-01 21:31:54.903 [info] > git for-each-ref --sort -committerdate --format %(refname)%00%(objectname)%00%(*objectname) [5ms]
2026-02-01 21:31:54.910 [info] > git status -z -uall [22ms]
2026-02-01 21:31:59.940 [info] > git config --get commit.template [9ms]
2026-02-01 21:31:59.943 [info] > git for-each-ref --format=%(refname)%00%(upstream:short)%00%(objectname)%00%(upstream:track)%00%(upstream:remotename)%00%(upstream:remoteref) refs/heads/master refs/remotes/master [4ms]
2026-02-01 21:31:59.962 [info] > git for-each-ref --sort -committerdate --format %(refname)%00%(objectname)%00%(*objectname) [3ms]
2026-02-01 21:31:59.966 [info] > git status -z -uall [17ms]
2026-02-01 21:32:05.003 [info] > git config --get commit.template [11ms]
2026-02-01 21:32:05.006 [info] > git for-each-ref --format=%(refname)%00%(upstream:short)%00%(objectname)%00%(upstream:track)%00%(upstream:remotename)%00%(upstream:remoteref) refs/heads/master refs/remotes/master [5ms]
2026-02-01 21:32:05.028 [info] > git for-each-ref --sort -committerdate --format %(refname)%00%(objectname)%00%(*objectname) [5ms]
2026-02-01 21:32:05.031 [info] > git status -z -uall [17ms]
2026-02-01 21:32:28.484 [info] > git config --get commit.template [20ms]
2026-02-01 21:32:28.489 [info] > git for-each-ref --format=%(refname)%00%(upstream:short)%00%(objectname)%00%(upstream:track)%00%(upstream:remotename)%00%(upstream:remoteref) refs/heads/master refs/remotes/master [8ms]
2026-02-01 21:32:28.534 [info] > git for-each-ref --sort -committerdate --format %(refname)%00%(objectname)%00%(*objectname) [9ms]
2026-02-01 21:32:28.538 [info] > git status -z -uall [24ms]
2026-02-01 21:32:33.572 [info] > git config --get commit.template [8ms]
2026-02-01 21:32:33.575 [info] > git for-each-ref --format=%(refname)%00%(upstream:short)%00%(objectname)%00%(upstream:track)%00%(upstream:remotename)%00%(upstream:remoteref) refs/heads/master refs/remotes/master [3ms]
2026-02-01 21:32:33.597 [info] > git for-each-ref --sort -committerdate --format %(refname)%00%(objectname)%00%(*objectname) [3ms]
2026-02-01 21:32:33.601 [info] > git status -z -uall [17ms]
2026-02-01 21:32:41.547 [info] > git config --get commit.template [2ms]
2026-02-01 21:32:41.558 [info] > git for-each-ref --format=%(refname)%00%(upstream:short)%00%(objectname)%00%(upstream:track)%00%(upstream:remotename)%00%(upstream:remoteref) refs/heads/master refs/remotes/master [4ms]
2026-02-01 21:32:41.581 [info] > git for-each-ref --sort -committerdate --format %(refname)%00%(objectname)%00%(*objectname) [5ms]
2026-02-01 21:32:41.583 [info] > git status -z -uall [18ms]
2026-02-01 21:32:46.606 [info] > git config --get commit.template [3ms]
2026-02-01 21:32:46.617 [info] > git for-each-ref --format=%(refname)%00%(upstream:short)%00%(objectname)%00%(upstream:track)%00%(upstream:remotename)%00%(upstream:remoteref) refs/heads/master refs/remotes/master [3ms]
2026-02-01 21:32:46.637 [info] > git for-each-ref --sort -committerdate --format %(refname)%00%(objectname)%00%(*objectname) [5ms]
2026-02-01 21:32:46.639 [info] > git status -z -uall [15ms]
2026-02-01 21:32:51.682 [info] > git config --get commit.template [14ms]
2026-02-01 21:32:51.684 [info] > git for-each-ref --format=%(refname)%00%(upstream:short)%00%(objectname)%00%(upstream:track)%00%(upstream:remotename)%00%(upstream:remoteref) refs/heads/master refs/remotes/master [5ms]
2026-02-01 21:32:51.702 [info] > git for-each-ref --sort -committerdate --format %(refname)%00%(objectname)%00%(*objectname) [3ms]
2026-02-01 21:32:51.706 [info] > git status -z -uall [15ms]
2026-02-01 21:32:56.737 [info] > git config --get commit.template [8ms]
2026-02-01 21:32:56.739 [info] > git for-each-ref --format=%(refname)%00%(upstream:short)%00%(objectname)%00%(upstream:track)%00%(upstream:remotename)%00%(upstream:remoteref) refs/heads/master refs/remotes/master [4ms]
2026-02-01 21:32:56.768 [info] > git status -z -uall [18ms]
2026-02-01 21:32:56.769 [info] > git for-each-ref --sort -committerdate --format %(refname)%00%(objectname)%00%(*objectname) [5ms]
2026-02-01 21:33:01.800 [info] > git config --get commit.template [10ms]
2026-02-01 21:33:01.803 [info] > git for-each-ref --format=%(refname)%00%(upstream:short)%00%(objectname)%00%(upstream:track)%00%(upstream:remotename)%00%(upstream:remoteref) refs/heads/master refs/remotes/master [4ms]
2026-02-01 21:33:01.826 [info] > git for-each-ref --sort -committerdate --format %(refname)%00%(objectname)%00%(*objectname) [4ms]
2026-02-01 21:33:01.830 [info] > git status -z -uall [18ms]
2026-02-01 21:51:08.443 [info] > git config --get commit.template [19ms]
2026-02-01 21:51:08.448 [info] > git for-each-ref --format=%(refname)%00%(upstream:short)%00%(objectname)%00%(upstream:track)%00%(upstream:remotename)%00%(upstream:remoteref) refs/heads/master refs/remotes/master [9ms]
2026-02-01 21:51:08.479 [info] > git for-each-ref --sort -committerdate --format %(refname)%00%(objectname)%00%(*objectname) [7ms]
2026-02-01 21:51:08.489 [info] > git status -z -uall [27ms]
2026-02-01 21:51:13.530 [info] > git config --get commit.template [13ms]
2026-02-01 21:51:13.533 [info] > git for-each-ref --format=%(refname)%00%(upstream:short)%00%(objectname)%00%(upstream:track)%00%(upstream:remotename)%00%(upstream:remoteref) refs/heads/master refs/remotes/master [4ms]
2026-02-01 21:51:13.553 [info] > git for-each-ref --sort -committerdate --format %(refname)%00%(objectname)%00%(*objectname) [4ms]
2026-02-01 21:51:13.557 [info] > git status -z -uall [16ms]
2026-02-01 21:51:26.823 [info] > git config --get commit.template [10ms]
2026-02-01 21:51:26.826 [info] > git for-each-ref --format=%(refname)%00%(upstream:short)%00%(objectname)%00%(upstream:track)%00%(upstream:remotename)%00%(upstream:remoteref) refs/heads/master refs/remotes/master [3ms]
2026-02-01 21:51:26.844 [info] > git for-each-ref --sort -committerdate --format %(refname)%00%(objectname)%00%(*objectname) [3ms]
2026-02-01 21:51:26.850 [info] > git status -z -uall [16ms]
2026-02-01 21:51:28.448 [info] > git check-ignore -v -z --stdin [3ms]
2026-02-01 21:51:29.601 [info] > git check-ignore -v -z --stdin [6ms]
2026-02-01 21:51:31.889 [info] > git config --get commit.template [9ms]
2026-02-01 21:51:31.892 [info] > git for-each-ref --format=%(refname)%00%(upstream:short)%00%(objectname)%00%(upstream:track)%00%(upstream:remotename)%00%(upstream:remoteref) refs/heads/master refs/remotes/master [4ms]
2026-02-01 21:51:31.907 [info] > git for-each-ref --sort -committerdate --format %(refname)%00%(objectname)%00%(*objectname) [3ms]
2026-02-01 21:51:31.912 [info] > git status -z -uall [14ms]
2026-02-01 21:51:36.309 [info] > git check-ignore -v -z --stdin [6ms]
2026-02-01 21:51:36.953 [info] > git config --get commit.template [16ms]
2026-02-01 21:51:36.955 [info] > git for-each-ref --format=%(refname)%00%(upstream:short)%00%(objectname)%00%(upstream:track)%00%(upstream:remotename)%00%(upstream:remoteref) refs/heads/master refs/remotes/master [5ms]
2026-02-01 21:51:36.976 [info] > git for-each-ref --sort -committerdate --format %(refname)%00%(objectname)%00%(*objectname) [4ms]
2026-02-01 21:51:36.980 [info] > git status -z -uall [17ms]
2026-02-01 21:51:42.017 [info] > git for-each-ref --format=%(refname)%00%(upstream:short)%00%(objectname)%00%(upstream:track)%00%(upstream:remotename)%00%(upstream:remoteref) refs/heads/master refs/remotes/master [9ms]
2026-02-01 21:51:42.017 [info] > git config --get commit.template [18ms]
2026-02-01 21:51:42.018 [info] > git check-ignore -v -z --stdin [4ms]
2026-02-01 21:51:42.035 [info] > git for-each-ref --sort -committerdate --format %(refname)%00%(objectname)%00%(*objectname) [3ms]
2026-02-01 21:51:42.040 [info] > git status -z -uall [14ms]
2026-02-01 21:51:45.155 [info] > git check-ignore -v -z --stdin [3ms]
2026-02-01 21:51:46.942 [info] > git check-ignore -v -z --stdin [5ms]
2026-02-01 21:51:47.072 [info] > git config --get commit.template [12ms]
2026-02-01 21:51:47.075 [info] > git for-each-ref --format=%(refname)%00%(upstream:short)%00%(objectname)%00%(upstream:track)%00%(upstream:remotename)%00%(upstream:remoteref) refs/heads/master refs/remotes/master [4ms]
2026-02-01 21:51:47.092 [info] > git for-each-ref --sort -committerdate --format %(refname)%00%(objectname)%00%(*objectname) [3ms]
2026-02-01 21:51:47.097 [info] > git status -z -uall [15ms]
2026-02-01 21:51:48.907 [info] > git check-ignore -v -z --stdin [3ms]
2026-02-01 21:51:50.697 [info] > git check-ignore -v -z --stdin [72ms]
2026-02-01 21:51:50.792 [info] > git ls-files --stage -- resources/views/admin/members/index.blade.php [9ms]
2026-02-01 21:51:50.986 [info] > git cat-file -s 92866e465ba517b364ac0a219681349105666aea [177ms]
2026-02-01 21:51:51.137 [info] > git show --textconv :resources/views/admin/members/index.blade.php [367ms]
2026-02-01 21:51:52.165 [info] > git config --get commit.template [14ms]
2026-02-01 21:51:52.189 [info] > git for-each-ref --format=%(refname)%00%(upstream:short)%00%(objectname)%00%(upstream:track)%00%(upstream:remotename)%00%(upstream:remoteref) refs/heads/master refs/remotes/master [9ms]
2026-02-01 21:51:52.243 [info] > git status -z -uall [35ms]
2026-02-01 21:51:52.244 [info] > git for-each-ref --sort -committerdate --format %(refname)%00%(objectname)%00%(*objectname) [10ms]
2026-02-01 21:51:52.639 [info] > git check-ignore -v -z --stdin [3ms]
2026-02-01 21:51:57.280 [info] > git config --get commit.template [8ms]
2026-02-01 21:51:57.283 [info] > git for-each-ref --format=%(refname)%00%(upstream:short)%00%(objectname)%00%(upstream:track)%00%(upstream:remotename)%00%(upstream:remoteref) refs/heads/master refs/remotes/master [4ms]
2026-02-01 21:51:57.303 [info] > git for-each-ref --sort -committerdate --format %(refname)%00%(objectname)%00%(*objectname) [3ms]
2026-02-01 21:51:57.308 [info] > git status -z -uall [16ms]
2026-02-01 21:51:57.662 [info] > git check-ignore -v -z --stdin [3ms]
2026-02-01 21:52:02.348 [info] > git config --get commit.template [10ms]
2026-02-01 21:52:02.351 [info] > git for-each-ref --format=%(refname)%00%(upstream:short)%00%(objectname)%00%(upstream:track)%00%(upstream:remotename)%00%(upstream:remoteref) refs/heads/master refs/remotes/master [3ms]
2026-02-01 21:52:02.373 [info] > git for-each-ref --sort -committerdate --format %(refname)%00%(objectname)%00%(*objectname) [4ms]
2026-02-01 21:52:02.376 [info] > git status -z -uall [16ms]
2026-02-01 21:52:02.730 [info] > git check-ignore -v -z --stdin [3ms]
2026-02-01 21:52:06.410 [info] > git blame --root --incremental 29c05d671864d114f64ac33a679332dad7787ab3 -- resources/views/admin/members/index.blade.php [154ms]
2026-02-01 21:52:07.421 [info] > git config --get commit.template [10ms]
2026-02-01 21:52:07.424 [info] > git for-each-ref --format=%(refname)%00%(upstream:short)%00%(objectname)%00%(upstream:track)%00%(upstream:remotename)%00%(upstream:remoteref) refs/heads/master refs/remotes/master [5ms]
2026-02-01 21:52:07.444 [info] > git for-each-ref --sort -committerdate --format %(refname)%00%(objectname)%00%(*objectname) [3ms]
2026-02-01 21:52:07.447 [info] > git status -z -uall [14ms]
2026-02-01 21:52:07.813 [info] > git check-ignore -v -z --stdin [3ms]
2026-02-01 21:52:12.473 [info] > git config --get commit.template [8ms]
2026-02-01 21:52:12.476 [info] > git for-each-ref --format=%(refname)%00%(upstream:short)%00%(objectname)%00%(upstream:track)%00%(upstream:remotename)%00%(upstream:remoteref) refs/heads/master refs/remotes/master [4ms]
2026-02-01 21:52:12.496 [info] > git for-each-ref --sort -committerdate --format %(refname)%00%(objectname)%00%(*objectname) [3ms]
2026-02-01 21:52:12.501 [info] > git status -z -uall [15ms]
2026-02-01 21:52:12.861 [info] > git check-ignore -v -z --stdin [3ms]
2026-02-01 21:52:17.532 [info] > git config --get commit.template [9ms]
2026-02-01 21:52:17.534 [info] > git for-each-ref --format=%(refname)%00%(upstream:short)%00%(objectname)%00%(upstream:track)%00%(upstream:remotename)%00%(upstream:remoteref) refs/heads/master refs/remotes/master [4ms]
2026-02-01 21:52:17.551 [info] > git for-each-ref --sort -committerdate --format %(refname)%00%(objectname)%00%(*objectname) [4ms]
2026-02-01 21:52:17.556 [info] > git status -z -uall [15ms]
2026-02-01 21:52:17.919 [info] > git check-ignore -v -z --stdin [3ms]
2026-02-01 21:52:18.936 [info] > git check-ignore -v -z --stdin [3ms]
2026-02-01 21:52:18.973 [info] > git ls-files --stage -- resources/views/admin/loans/approved_loan.blade.php [3ms]
2026-02-01 21:52:19.023 [info] > git show --textconv :resources/views/admin/loans/approved_loan.blade.php [63ms]
2026-02-01 21:52:19.023 [info] > git cat-file -s bd5d9e6985fdca4e4f4d553323e7061b7b0464be [44ms]
2026-02-01 21:52:29.395 [info] > git blame --root --incremental 29c05d671864d114f64ac33a679332dad7787ab3 -- resources/views/admin/loans/approved_loan.blade.php [123ms]
2026-02-01 21:52:32.310 [info] > git check-ignore -v -z --stdin [4ms]
2026-02-01 21:52:33.637 [info] > git check-ignore -v -z --stdin [3ms]
2026-02-01 21:52:34.223 [info] > git config --get commit.template [9ms]
2026-02-01 21:52:34.226 [info] > git for-each-ref --format=%(refname)%00%(upstream:short)%00%(objectname)%00%(upstream:track)%00%(upstream:remotename)%00%(upstream:remoteref) refs/heads/master refs/remotes/master [4ms]
2026-02-01 21:52:34.241 [info] > git for-each-ref --sort -committerdate --format %(refname)%00%(objectname)%00%(*objectname) [3ms]
2026-02-01 21:52:34.245 [info] > git status -z -uall [14ms]
2026-02-01 21:52:34.613 [info] > git check-ignore -v -z --stdin [4ms]
2026-02-01 21:52:39.287 [info] > git config --get commit.template [11ms]
2026-02-01 21:52:39.291 [info] > git for-each-ref --format=%(refname)%00%(upstream:short)%00%(objectname)%00%(upstream:track)%00%(upstream:remotename)%00%(upstream:remoteref) refs/heads/master refs/remotes/master [5ms]
2026-02-01 21:52:39.308 [info] > git for-each-ref --sort -committerdate --format %(refname)%00%(objectname)%00%(*objectname) [3ms]
2026-02-01 21:52:39.312 [info] > git status -z -uall [14ms]
2026-02-01 21:52:39.683 [info] > git check-ignore -v -z --stdin [4ms]
2026-02-01 21:52:43.965 [info] > git check-ignore -v -z --stdin [4ms]
2026-02-01 21:52:45.882 [info] > git config --get commit.template [11ms]
2026-02-01 21:52:45.884 [info] > git for-each-ref --format=%(refname)%00%(upstream:short)%00%(objectname)%00%(upstream:track)%00%(upstream:remotename)%00%(upstream:remoteref) refs/heads/master refs/remotes/master [4ms]
2026-02-01 21:52:45.905 [info] > git for-each-ref --sort -committerdate --format %(refname)%00%(objectname)%00%(*objectname) [5ms]
2026-02-01 21:52:45.910 [info] > git status -z -uall [18ms]
2026-02-01 21:52:46.261 [info] > git check-ignore -v -z --stdin [3ms]
2026-02-01 21:52:58.131 [info] > git config --get commit.template [11ms]
2026-02-01 21:52:58.136 [info] > git for-each-ref --format=%(refname)%00%(upstream:short)%00%(objectname)%00%(upstream:track)%00%(upstream:remotename)%00%(upstream:remoteref) refs/heads/master refs/remotes/master [6ms]
2026-02-01 21:52:58.160 [info] > git for-each-ref --sort -committerdate --format %(refname)%00%(objectname)%00%(*objectname) [4ms]
2026-02-01 21:52:58.185 [info] > git status -z -uall [39ms]
2026-02-01 21:52:58.573 [info] > git check-ignore -v -z --stdin [4ms]
2026-02-01 21:53:02.849 [info] > git check-ignore -v -z --stdin [6ms]
2026-02-01 21:53:02.909 [info] > git show --textconv :resources/views/admin/members/index.blade.php [11ms]
2026-02-01 21:53:02.913 [info] > git ls-files --stage -- resources/views/admin/members/index.blade.php [6ms]
2026-02-01 21:53:02.922 [info] > git cat-file -s 92866e465ba517b364ac0a219681349105666aea [3ms]
2026-02-01 21:53:03.226 [info] > git config --get commit.template [12ms]
2026-02-01 21:53:03.234 [info] > git for-each-ref --format=%(refname)%00%(upstream:short)%00%(objectname)%00%(upstream:track)%00%(upstream:remotename)%00%(upstream:remoteref) refs/heads/master refs/remotes/master [10ms]
2026-02-01 21:53:03.264 [info] > git for-each-ref --sort -committerdate --format %(refname)%00%(objectname)%00%(*objectname) [5ms]
2026-02-01 21:53:03.274 [info] > git status -z -uall [28ms]
2026-02-01 21:53:03.644 [info] > git check-ignore -v -z --stdin [4ms]
2026-02-01 21:53:15.208 [info] > git check-ignore -v -z --stdin [7ms]
2026-02-01 21:53:15.236 [info] > git show --textconv :resources/views/admin/loans/approved_loan.blade.php [11ms]
2026-02-01 21:53:15.242 [info] > git ls-files --stage -- resources/views/admin/loans/approved_loan.blade.php [8ms]
2026-02-01 21:53:15.254 [info] > git cat-file -s bd5d9e6985fdca4e4f4d553323e7061b7b0464be [2ms]
2026-02-01 21:53:16.688 [info] > git config --get commit.template [9ms]
2026-02-01 21:53:16.690 [info] > git for-each-ref --format=%(refname)%00%(upstream:short)%00%(objectname)%00%(upstream:track)%00%(upstream:remotename)%00%(upstream:remoteref) refs/heads/master refs/remotes/master [3ms]
2026-02-01 21:53:16.708 [info] > git for-each-ref --sort -committerdate --format %(refname)%00%(objectname)%00%(*objectname) [3ms]
2026-02-01 21:53:16.712 [info] > git status -z -uall [14ms]
2026-02-01 21:53:17.072 [info] > git check-ignore -v -z --stdin [2ms]
2026-02-01 21:53:24.172 [info] > git check-ignore -v -z --stdin [4ms]
2026-02-01 21:53:27.285 [info] > git config --get commit.template [8ms]
2026-02-01 21:53:27.287 [info] > git for-each-ref --format=%(refname)%00%(upstream:short)%00%(objectname)%00%(upstream:track)%00%(upstream:remotename)%00%(upstream:remoteref) refs/heads/master refs/remotes/master [4ms]
2026-02-01 21:53:27.305 [info] > git for-each-ref --sort -committerdate --format %(refname)%00%(objectname)%00%(*objectname) [4ms]
2026-02-01 21:53:27.312 [info] > git status -z -uall [17ms]
2026-02-01 21:53:27.673 [info] > git check-ignore -v -z --stdin [4ms]
2026-02-01 21:53:39.221 [info] > git config --get commit.template [2ms]
2026-02-01 21:53:39.253 [info] > git for-each-ref --format=%(refname)%00%(upstream:short)%00%(objectname)%00%(upstream:track)%00%(upstream:remotename)%00%(upstream:remoteref) refs/heads/master refs/remotes/master [4ms]
2026-02-01 21:53:39.288 [info] > git for-each-ref --sort -committerdate --format %(refname)%00%(objectname)%00%(*objectname) [9ms]
2026-02-01 21:53:39.315 [info] > git status -z -uall [49ms]
2026-02-01 21:53:39.744 [info] > git check-ignore -v -z --stdin [5ms]
2026-02-01 22:24:38.961 [info] > git config --get commit.template [20ms]
2026-02-01 22:24:38.990 [info] > git for-each-ref --format=%(refname)%00%(upstream:short)%00%(objectname)%00%(upstream:track)%00%(upstream:remotename)%00%(upstream:remoteref) refs/heads/master refs/remotes/master [33ms]
2026-02-01 22:24:39.048 [info] > git for-each-ref --sort -committerdate --format %(refname)%00%(objectname)%00%(*objectname) [19ms]
2026-02-01 22:24:39.100 [info] > git status -z -uall [93ms]
2026-02-01 22:24:39.535 [info] > git check-ignore -v -z --stdin [4ms]
2026-02-01 22:24:44.167 [info] > git config --get commit.template [14ms]
2026-02-01 22:24:44.168 [info] > git for-each-ref --format=%(refname)%00%(upstream:short)%00%(objectname)%00%(upstream:track)%00%(upstream:remotename)%00%(upstream:remoteref) refs/heads/master refs/remotes/master [4ms]
2026-02-01 22:24:44.196 [info] > git status -z -uall [20ms]
2026-02-01 22:24:44.199 [info] > git for-each-ref --sort -committerdate --format %(refname)%00%(objectname)%00%(*objectname) [10ms]
2026-02-01 22:24:44.573 [info] > git check-ignore -v -z --stdin [5ms]
2026-02-01 22:24:49.235 [info] > git config --get commit.template [11ms]
2026-02-01 22:24:49.238 [info] > git for-each-ref --format=%(refname)%00%(upstream:short)%00%(objectname)%00%(upstream:track)%00%(upstream:remotename)%00%(upstream:remoteref) refs/heads/master refs/remotes/master [5ms]
2026-02-01 22:24:49.258 [info] > git for-each-ref --sort -committerdate --format %(refname)%00%(objectname)%00%(*objectname) [4ms]
2026-02-01 22:24:49.263 [info] > git status -z -uall [17ms]
2026-02-01 22:24:49.658 [info] > git check-ignore -v -z --stdin [4ms]
2026-02-01 22:24:57.563 [info] > git config --get commit.template [3ms]
2026-02-01 22:24:57.577 [info] > git for-each-ref --format=%(refname)%00%(upstream:short)%00%(objectname)%00%(upstream:track)%00%(upstream:remotename)%00%(upstream:remoteref) refs/heads/master refs/remotes/master [4ms]
2026-02-01 22:24:57.601 [info] > git for-each-ref --sort -committerdate --format %(refname)%00%(objectname)%00%(*objectname) [5ms]
2026-02-01 22:24:57.606 [info] > git status -z -uall [19ms]
2026-02-01 22:24:58.007 [info] > git check-ignore -v -z --stdin [7ms]
