2026-02-01 21:31:14.315 [info] Reading sessions from keychain...
2026-02-01 21:31:14.315 [info] Getting sessions for all scopes...
2026-02-01 21:31:14.315 [info] Got 0 sessions for ...
2026-02-01 21:31:14.315 [info] Getting sessions for all scopes...
2026-02-01 21:31:14.315 [info] Got 0 sessions for ...
2026-02-01 21:31:14.315 [info] Getting sessions for all scopes...
2026-02-01 21:31:14.315 [info] Got 0 sessions for ...
2026-02-01 21:31:14.315 [info] Getting sessions for all scopes...
2026-02-01 21:31:14.315 [info] Got 0 sessions for ...
2026-02-01 21:31:14.315 [info] Getting sessions for all scopes...
2026-02-01 21:31:14.315 [info] Got 0 sessions for ...
2026-02-01 21:31:14.315 [info] Getting sessions for all scopes...
2026-02-01 21:31:14.315 [info] Got 0 sessions for ...
2026-02-01 21:31:14.315 [info] Getting sessions for all scopes...
2026-02-01 21:31:14.315 [info] Got 0 sessions for ...
2026-02-01 21:31:14.315 [info] Getting sessions for all scopes...
2026-02-01 21:31:14.315 [info] Got 0 sessions for ...
2026-02-01 21:31:14.315 [info] Getting sessions for all scopes...
2026-02-01 21:31:14.315 [info] Got 0 sessions for ...
2026-02-01 21:31:14.315 [info] Getting sessions for all scopes...
2026-02-01 21:31:14.315 [info] Got 0 sessions for ...
2026-02-01 21:31:14.315 [info] Getting sessions for all scopes...
2026-02-01 21:31:14.315 [info] Got 0 sessions for ...
2026-02-01 21:31:14.315 [info] Getting sessions for all scopes...
2026-02-01 21:31:14.315 [info] Got 0 sessions for ...
2026-02-01 21:31:14.315 [info] Getting sessions for all scopes...
2026-02-01 21:31:14.315 [info] Got 0 sessions for ...
2026-02-01 21:31:14.315 [info] Getting sessions for all scopes...
2026-02-01 21:31:14.315 [info] Got 0 sessions for ...
2026-02-01 21:31:14.315 [info] Getting sessions for all scopes...
2026-02-01 21:31:14.315 [info] Got 0 sessions for ...
2026-02-01 21:31:14.316 [info] Getting sessions for all scopes...
2026-02-01 21:31:14.316 [info] Got 0 sessions for ...
2026-02-01 21:31:18.865 [info] Getting sessions for read:user,repo,user:email,workflow...
2026-02-01 21:31:18.865 [info] Got 0 sessions for read:user,repo,user:email,workflow...
