2026-02-02 21:41:48.218 [info] Extension host with pid 7854 started
2026-02-02 21:41:48.218 [info] Skipping acquiring lock for /opt/lampp/htdocs/Loan_MS/=/User/workspaceStorage/2634a12db8f91b5c493a8387f29adcab.
2026-02-02 21:41:48.321 [info] ExtensionService#_doActivateExtension vscode.github-authentication, startup: false, activationEvent: 'onAuthenticationRequest:github'
2026-02-02 21:41:48.445 [info] ExtensionService#_doActivateExtension vscode.emmet, startup: false, activationEvent: 'onLanguage'
2026-02-02 21:41:48.768 [info] ExtensionService#_doActivateExtension vscode.git-base, startup: true, activationEvent: '*'
2026-02-02 21:41:48.888 [info] ExtensionService#_doActivateExtension vscode.npm, startup: true, activationEvent: 'workspaceContains:package.json'
2026-02-02 21:41:49.146 [info] ExtensionService#_doActivateExtension vscode.github, startup: true, activationEvent: '*'
2026-02-02 21:41:49.469 [info] Eager extensions activated
2026-02-02 21:41:49.597 [info] ExtensionService#_doActivateExtension vscode.debug-auto-launch, startup: false, activationEvent: 'onStartupFinished'
2026-02-02 21:41:49.611 [info] ExtensionService#_doActivateExtension vscode.merge-conflict, startup: false, activationEvent: 'onStartupFinished'
2026-02-02 21:41:52.554 [info] ExtensionService#_doActivateExtension vscode.git, startup: false, activationEvent: 'api', root cause: vscode.github
2026-02-02 21:41:59.144 [info] ExtensionService#_doActivateExtension vscode.configuration-editing, startup: false, activationEvent: 'onLanguage:json'
2026-02-02 21:41:59.280 [info] ExtensionService#_doActivateExtension vscode.extension-editing, startup: false, activationEvent: 'onLanguage:json'
2026-02-02 21:41:59.518 [info] ExtensionService#_doActivateExtension vscode.json-language-features, startup: false, activationEvent: 'onLanguage:json'
2026-02-02 21:42:49.038 [info] ExtensionService#_doActivateExtension vscode.terminal-suggest, startup: false, activationEvent: 'onTerminalShellIntegration:*'
2026-02-02 21:43:38.801 [info] ExtensionService#_doActivateExtension vscode.simple-browser, startup: false, activationEvent: 'onOpenExternalUri:http'
2026-02-02 21:48:16.743 [info] ExtensionService#_doActivateExtension onecentlin.laravel-blade, startup: false, activationEvent: 'onLanguage:blade'
2026-02-02 21:51:57.182 [info] ExtensionService#_doActivateExtension vscode.php-language-features, startup: false, activationEvent: 'onLanguage:php'
2026-02-02 21:54:53.486 [warning] [Decorations] CAPPING events from decorations provider vscode.git 251
2026-02-02 21:54:58.575 [warning] [Decorations] CAPPING events from decorations provider vscode.git 251
2026-02-02 21:55:03.669 [warning] [Decorations] CAPPING events from decorations provider vscode.git 251
2026-02-02 21:55:08.750 [warning] [Decorations] CAPPING events from decorations provider vscode.git 251
2026-02-02 21:55:13.837 [warning] [Decorations] CAPPING events from decorations provider vscode.git 251
2026-02-02 21:55:18.935 [warning] [Decorations] CAPPING events from decorations provider vscode.git 251
2026-02-02 21:55:24.035 [warning] [Decorations] CAPPING events from decorations provider vscode.git 251
2026-02-02 21:55:29.129 [warning] [Decorations] CAPPING events from decorations provider vscode.git 251
2026-02-02 21:55:34.223 [warning] [Decorations] CAPPING events from decorations provider vscode.git 251
2026-02-02 21:55:39.320 [warning] [Decorations] CAPPING events from decorations provider vscode.git 251
2026-02-02 22:05:05.035 [warning] [Decorations] CAPPING events from decorations provider vscode.git 251
2026-02-02 22:05:10.142 [warning] [Decorations] CAPPING events from decorations provider vscode.git 252
2026-02-02 22:05:15.239 [warning] [Decorations] CAPPING events from decorations provider vscode.git 252
2026-02-02 22:05:20.337 [warning] [Decorations] CAPPING events from decorations provider vscode.git 252
2026-02-02 22:05:25.422 [warning] [Decorations] CAPPING events from decorations provider vscode.git 252
2026-02-02 22:05:44.611 [warning] [Decorations] CAPPING events from decorations provider vscode.git 252
2026-02-02 22:05:49.718 [warning] [Decorations] CAPPING events from decorations provider vscode.git 252
2026-02-02 22:05:58.615 [warning] [Decorations] CAPPING events from decorations provider vscode.git 252
2026-02-02 22:06:03.719 [warning] [Decorations] CAPPING events from decorations provider vscode.git 252
2026-02-02 22:06:08.812 [warning] [Decorations] CAPPING events from decorations provider vscode.git 252
2026-02-02 22:06:13.907 [warning] [Decorations] CAPPING events from decorations provider vscode.git 252
2026-02-02 22:06:19.004 [warning] [Decorations] CAPPING events from decorations provider vscode.git 252
2026-02-02 22:06:24.096 [warning] [Decorations] CAPPING events from decorations provider vscode.git 252
2026-02-02 22:06:29.188 [warning] [Decorations] CAPPING events from decorations provider vscode.git 252
2026-02-02 22:06:34.292 [warning] [Decorations] CAPPING events from decorations provider vscode.git 252
2026-02-02 22:06:39.378 [warning] [Decorations] CAPPING events from decorations provider vscode.git 252
2026-02-02 22:06:44.458 [warning] [Decorations] CAPPING events from decorations provider vscode.git 252
2026-02-02 22:06:49.540 [warning] [Decorations] CAPPING events from decorations provider vscode.git 252
2026-02-02 22:06:54.636 [warning] [Decorations] CAPPING events from decorations provider vscode.git 252
2026-02-02 22:06:59.720 [warning] [Decorations] CAPPING events from decorations provider vscode.git 252
2026-02-02 22:07:04.805 [warning] [Decorations] CAPPING events from decorations provider vscode.git 252
2026-02-02 22:07:09.903 [warning] [Decorations] CAPPING events from decorations provider vscode.git 252
2026-02-02 22:07:14.990 [warning] [Decorations] CAPPING events from decorations provider vscode.git 252
2026-02-02 22:07:20.078 [warning] [Decorations] CAPPING events from decorations provider vscode.git 252
2026-02-02 22:07:25.164 [warning] [Decorations] CAPPING events from decorations provider vscode.git 252
2026-02-02 22:07:30.254 [warning] [Decorations] CAPPING events from decorations provider vscode.git 252
2026-02-02 22:07:35.348 [warning] [Decorations] CAPPING events from decorations provider vscode.git 252
2026-02-02 22:07:40.438 [warning] [Decorations] CAPPING events from decorations provider vscode.git 252
2026-02-02 22:07:45.517 [warning] [Decorations] CAPPING events from decorations provider vscode.git 252
2026-02-02 22:07:50.606 [warning] [Decorations] CAPPING events from decorations provider vscode.git 252
2026-02-02 22:07:55.696 [warning] [Decorations] CAPPING events from decorations provider vscode.git 252
2026-02-02 22:08:00.785 [warning] [Decorations] CAPPING events from decorations provider vscode.git 252
2026-02-02 22:08:05.875 [warning] [Decorations] CAPPING events from decorations provider vscode.git 252
2026-02-02 22:11:18.367 [warning] [Decorations] CAPPING events from decorations provider vscode.git 252
2026-02-02 22:11:23.481 [warning] [Decorations] CAPPING events from decorations provider vscode.git 252
2026-02-02 22:11:28.582 [warning] [Decorations] CAPPING events from decorations provider vscode.git 252
2026-02-02 22:11:33.667 [warning] [Decorations] CAPPING events from decorations provider vscode.git 252
2026-02-02 22:11:38.764 [warning] [Decorations] CAPPING events from decorations provider vscode.git 252
2026-02-02 22:11:43.871 [warning] [Decorations] CAPPING events from decorations provider vscode.git 252
2026-02-02 22:11:48.968 [warning] [Decorations] CAPPING events from decorations provider vscode.git 252
2026-02-02 22:11:54.061 [warning] [Decorations] CAPPING events from decorations provider vscode.git 252
2026-02-02 22:11:59.155 [warning] [Decorations] CAPPING events from decorations provider vscode.git 252
2026-02-02 22:12:04.272 [warning] [Decorations] CAPPING events from decorations provider vscode.git 252
2026-02-02 22:12:09.378 [warning] [Decorations] CAPPING events from decorations provider vscode.git 252
2026-02-02 22:12:14.463 [warning] [Decorations] CAPPING events from decorations provider vscode.git 252
2026-02-02 22:12:19.552 [warning] [Decorations] CAPPING events from decorations provider vscode.git 252
2026-02-02 22:12:24.742 [warning] [Decorations] CAPPING events from decorations provider vscode.git 252
2026-02-02 22:12:29.835 [warning] [Decorations] CAPPING events from decorations provider vscode.git 252
2026-02-02 22:12:34.937 [warning] [Decorations] CAPPING events from decorations provider vscode.git 252
2026-02-02 22:12:40.031 [warning] [Decorations] CAPPING events from decorations provider vscode.git 252
2026-02-02 22:12:52.026 [warning] [Decorations] CAPPING events from decorations provider vscode.git 252
2026-02-02 22:12:57.123 [warning] [Decorations] CAPPING events from decorations provider vscode.git 252
2026-02-02 22:13:02.232 [warning] [Decorations] CAPPING events from decorations provider vscode.git 252
2026-02-02 22:13:07.312 [warning] [Decorations] CAPPING events from decorations provider vscode.git 252
2026-02-02 22:13:12.398 [warning] [Decorations] CAPPING events from decorations provider vscode.git 252
2026-02-02 22:13:24.964 [warning] [Decorations] CAPPING events from decorations provider vscode.git 252
2026-02-02 22:13:30.086 [warning] [Decorations] CAPPING events from decorations provider vscode.git 252
2026-02-02 22:13:35.181 [warning] [Decorations] CAPPING events from decorations provider vscode.git 252
2026-02-02 22:13:40.268 [warning] [Decorations] CAPPING events from decorations provider vscode.git 252
2026-02-02 22:13:45.380 [warning] [Decorations] CAPPING events from decorations provider vscode.git 252
2026-02-02 22:13:50.482 [warning] [Decorations] CAPPING events from decorations provider vscode.git 252
2026-02-02 22:13:55.576 [warning] [Decorations] CAPPING events from decorations provider vscode.git 252
2026-02-02 22:14:00.694 [warning] [Decorations] CAPPING events from decorations provider vscode.git 252
2026-02-02 22:14:05.777 [warning] [Decorations] CAPPING events from decorations provider vscode.git 254
2026-02-02 22:14:15.427 [warning] [Decorations] CAPPING events from decorations provider vscode.git 255
2026-02-02 22:14:20.546 [warning] [Decorations] CAPPING events from decorations provider vscode.git 254
2026-02-02 22:14:25.639 [warning] [Decorations] CAPPING events from decorations provider vscode.git 255
2026-02-02 22:14:30.734 [warning] [Decorations] CAPPING events from decorations provider vscode.git 256
2026-02-02 22:14:35.823 [warning] [Decorations] CAPPING events from decorations provider vscode.git 255
2026-02-02 22:14:40.912 [warning] [Decorations] CAPPING events from decorations provider vscode.git 256
2026-02-02 22:14:46.047 [warning] [Decorations] CAPPING events from decorations provider vscode.git 256
2026-02-02 22:14:51.143 [warning] [Decorations] CAPPING events from decorations provider vscode.git 256
2026-02-02 22:14:56.237 [warning] [Decorations] CAPPING events from decorations provider vscode.git 256
2026-02-02 22:15:01.331 [warning] [Decorations] CAPPING events from decorations provider vscode.git 256
2026-02-02 22:15:06.439 [warning] [Decorations] CAPPING events from decorations provider vscode.git 256
2026-02-02 22:15:11.534 [warning] [Decorations] CAPPING events from decorations provider vscode.git 256
2026-02-02 22:15:16.623 [warning] [Decorations] CAPPING events from decorations provider vscode.git 256
2026-02-02 22:15:21.864 [warning] [Decorations] CAPPING events from decorations provider vscode.git 257
2026-02-02 22:15:26.971 [warning] [Decorations] CAPPING events from decorations provider vscode.git 256
2026-02-02 22:15:32.079 [warning] [Decorations] CAPPING events from decorations provider vscode.git 256
2026-02-02 22:15:37.167 [warning] [Decorations] CAPPING events from decorations provider vscode.git 256
2026-02-02 22:15:42.270 [warning] [Decorations] CAPPING events from decorations provider vscode.git 256
2026-02-02 22:15:47.368 [warning] [Decorations] CAPPING events from decorations provider vscode.git 256
2026-02-02 22:15:52.456 [warning] [Decorations] CAPPING events from decorations provider vscode.git 256
2026-02-02 22:15:57.555 [warning] [Decorations] CAPPING events from decorations provider vscode.git 256
2026-02-02 22:16:02.643 [warning] [Decorations] CAPPING events from decorations provider vscode.git 256
2026-02-02 22:16:07.742 [warning] [Decorations] CAPPING events from decorations provider vscode.git 257
2026-02-02 22:16:12.839 [warning] [Decorations] CAPPING events from decorations provider vscode.git 257
2026-02-02 22:16:17.924 [warning] [Decorations] CAPPING events from decorations provider vscode.git 257
2026-02-02 22:16:23.014 [warning] [Decorations] CAPPING events from decorations provider vscode.git 257
2026-02-02 22:16:28.107 [warning] [Decorations] CAPPING events from decorations provider vscode.git 257
2026-02-02 22:16:33.192 [warning] [Decorations] CAPPING events from decorations provider vscode.git 257
2026-02-02 22:16:38.274 [warning] [Decorations] CAPPING events from decorations provider vscode.git 258
2026-02-02 22:16:59.686 [warning] [Decorations] CAPPING events from decorations provider vscode.git 257
2026-02-02 22:17:04.783 [warning] [Decorations] CAPPING events from decorations provider vscode.git 257
2026-02-02 22:17:09.886 [warning] [Decorations] CAPPING events from decorations provider vscode.git 257
2026-02-02 22:17:14.980 [warning] [Decorations] CAPPING events from decorations provider vscode.git 257
2026-02-02 22:17:20.111 [warning] [Decorations] CAPPING events from decorations provider vscode.git 258
2026-02-02 22:18:42.793 [warning] [Decorations] CAPPING events from decorations provider vscode.git 258
2026-02-02 22:18:47.905 [warning] [Decorations] CAPPING events from decorations provider vscode.git 258
2026-02-02 22:19:03.953 [warning] [Decorations] CAPPING events from decorations provider vscode.git 258
2026-02-02 22:19:09.053 [warning] [Decorations] CAPPING events from decorations provider vscode.git 261
2026-02-02 22:19:43.452 [warning] [Decorations] CAPPING events from decorations provider vscode.git 261
2026-02-02 22:19:48.597 [warning] [Decorations] CAPPING events from decorations provider vscode.git 261
2026-02-02 22:21:30.812 [warning] [Decorations] CAPPING events from decorations provider vscode.git 262
2026-02-02 22:21:35.906 [warning] [Decorations] CAPPING events from decorations provider vscode.git 263
2026-02-02 22:21:41.000 [warning] [Decorations] CAPPING events from decorations provider vscode.git 263
2026-02-02 22:21:47.849 [warning] [Decorations] CAPPING events from decorations provider vscode.git 262
2026-02-02 22:21:52.939 [warning] [Decorations] CAPPING events from decorations provider vscode.git 262
2026-02-02 22:22:01.239 [warning] [Decorations] CAPPING events from decorations provider vscode.git 262
2026-02-02 22:22:06.349 [warning] [Decorations] CAPPING events from decorations provider vscode.git 262
2026-02-02 22:22:15.592 [warning] [Decorations] CAPPING events from decorations provider vscode.git 262
2026-02-02 22:22:20.692 [warning] [Decorations] CAPPING events from decorations provider vscode.git 262
2026-02-02 22:22:25.790 [warning] [Decorations] CAPPING events from decorations provider vscode.git 262
2026-02-02 22:22:30.880 [warning] [Decorations] CAPPING events from decorations provider vscode.git 262
2026-02-02 22:22:35.971 [warning] [Decorations] CAPPING events from decorations provider vscode.git 262
2026-02-02 22:22:41.072 [warning] [Decorations] CAPPING events from decorations provider vscode.git 262
2026-02-02 22:22:46.158 [warning] [Decorations] CAPPING events from decorations provider vscode.git 262
2026-02-02 22:22:51.250 [warning] [Decorations] CAPPING events from decorations provider vscode.git 262
2026-02-02 22:25:23.485 [warning] [Decorations] CAPPING events from decorations provider vscode.git 262
2026-02-02 22:25:28.617 [warning] [Decorations] CAPPING events from decorations provider vscode.git 262
2026-02-02 22:25:33.709 [warning] [Decorations] CAPPING events from decorations provider vscode.git 262
2026-02-02 22:25:38.800 [warning] [Decorations] CAPPING events from decorations provider vscode.git 262
2026-02-02 22:25:43.888 [warning] [Decorations] CAPPING events from decorations provider vscode.git 262
2026-02-02 22:25:48.998 [warning] [Decorations] CAPPING events from decorations provider vscode.git 262
2026-02-02 22:25:54.136 [warning] [Decorations] CAPPING events from decorations provider vscode.git 262
2026-02-02 22:25:59.227 [warning] [Decorations] CAPPING events from decorations provider vscode.git 262
2026-02-02 22:26:04.316 [warning] [Decorations] CAPPING events from decorations provider vscode.git 262
2026-02-02 22:26:09.414 [warning] [Decorations] CAPPING events from decorations provider vscode.git 262
2026-02-02 22:26:14.523 [warning] [Decorations] CAPPING events from decorations provider vscode.git 262
2026-02-02 22:26:19.684 [warning] [Decorations] CAPPING events from decorations provider vscode.git 262
2026-02-02 22:26:24.792 [warning] [Decorations] CAPPING events from decorations provider vscode.git 262
2026-02-02 22:26:29.878 [warning] [Decorations] CAPPING events from decorations provider vscode.git 263
2026-02-02 22:27:36.400 [warning] [Decorations] CAPPING events from decorations provider vscode.git 263
2026-02-02 22:28:06.765 [warning] [Decorations] CAPPING events from decorations provider vscode.git 263
2026-02-02 22:28:11.913 [warning] [Decorations] CAPPING events from decorations provider vscode.git 263
2026-02-02 22:28:17.000 [warning] [Decorations] CAPPING events from decorations provider vscode.git 264
2026-02-02 22:29:50.217 [warning] [Decorations] CAPPING events from decorations provider vscode.git 264
2026-02-02 22:30:05.121 [warning] [Decorations] CAPPING events from decorations provider vscode.git 264
2026-02-02 22:30:10.218 [warning] [Decorations] CAPPING events from decorations provider vscode.git 264
2026-02-02 22:30:15.308 [warning] [Decorations] CAPPING events from decorations provider vscode.git 265
2026-02-02 22:30:20.403 [warning] [Decorations] CAPPING events from decorations provider vscode.git 266
2026-02-02 22:39:16.983 [warning] [Decorations] CAPPING events from decorations provider vscode.git 265
2026-02-02 22:39:22.157 [warning] [Decorations] CAPPING events from decorations provider vscode.git 265
2026-02-02 22:39:27.244 [warning] [Decorations] CAPPING events from decorations provider vscode.git 265
2026-02-02 22:39:32.335 [warning] [Decorations] CAPPING events from decorations provider vscode.git 265
2026-02-02 22:39:37.425 [warning] [Decorations] CAPPING events from decorations provider vscode.git 265
2026-02-02 22:39:42.521 [warning] [Decorations] CAPPING events from decorations provider vscode.git 265
2026-02-02 22:39:47.619 [warning] [Decorations] CAPPING events from decorations provider vscode.git 265
2026-02-02 22:40:21.060 [warning] [Decorations] CAPPING events from decorations provider vscode.git 266
2026-02-02 22:40:26.157 [warning] [Decorations] CAPPING events from decorations provider vscode.git 266
2026-02-02 22:40:31.268 [warning] [Decorations] CAPPING events from decorations provider vscode.git 266
2026-02-02 22:40:36.371 [warning] [Decorations] CAPPING events from decorations provider vscode.git 266
2026-02-02 22:40:41.496 [warning] [Decorations] CAPPING events from decorations provider vscode.git 266
2026-02-02 22:40:46.614 [warning] [Decorations] CAPPING events from decorations provider vscode.git 266
2026-02-02 22:40:51.698 [warning] [Decorations] CAPPING events from decorations provider vscode.git 266
2026-02-02 22:40:56.788 [warning] [Decorations] CAPPING events from decorations provider vscode.git 266
2026-02-02 22:41:01.876 [warning] [Decorations] CAPPING events from decorations provider vscode.git 266
2026-02-02 22:41:40.048 [warning] [Decorations] CAPPING events from decorations provider vscode.git 267
2026-02-02 22:41:45.148 [warning] [Decorations] CAPPING events from decorations provider vscode.git 266
2026-02-02 22:41:50.232 [warning] [Decorations] CAPPING events from decorations provider vscode.git 266
2026-02-02 22:41:55.327 [warning] [Decorations] CAPPING events from decorations provider vscode.git 266
2026-02-02 22:42:00.415 [warning] [Decorations] CAPPING events from decorations provider vscode.git 266
2026-02-02 22:42:05.511 [warning] [Decorations] CAPPING events from decorations provider vscode.git 266
2026-02-02 22:42:10.637 [warning] [Decorations] CAPPING events from decorations provider vscode.git 266
2026-02-02 22:42:15.722 [warning] [Decorations] CAPPING events from decorations provider vscode.git 266
2026-02-02 22:42:20.813 [warning] [Decorations] CAPPING events from decorations provider vscode.git 266
2026-02-02 22:42:25.900 [warning] [Decorations] CAPPING events from decorations provider vscode.git 267
2026-02-02 22:42:30.985 [warning] [Decorations] CAPPING events from decorations provider vscode.git 267
2026-02-02 22:42:36.068 [warning] [Decorations] CAPPING events from decorations provider vscode.git 267
2026-02-02 22:42:41.165 [warning] [Decorations] CAPPING events from decorations provider vscode.git 267
2026-02-02 22:42:46.299 [warning] [Decorations] CAPPING events from decorations provider vscode.git 267
2026-02-02 22:42:51.438 [warning] [Decorations] CAPPING events from decorations provider vscode.git 268
2026-02-02 22:42:56.582 [warning] [Decorations] CAPPING events from decorations provider vscode.git 267
2026-02-02 22:43:01.685 [warning] [Decorations] CAPPING events from decorations provider vscode.git 267
2026-02-02 22:45:01.682 [warning] [Decorations] CAPPING events from decorations provider vscode.git 267
2026-02-02 22:45:06.784 [warning] [Decorations] CAPPING events from decorations provider vscode.git 267
2026-02-02 22:45:11.871 [warning] [Decorations] CAPPING events from decorations provider vscode.git 267
2026-02-02 22:45:18.110 [warning] [Decorations] CAPPING events from decorations provider vscode.git 267
2026-02-02 22:45:23.211 [warning] [Decorations] CAPPING events from decorations provider vscode.git 267
2026-02-02 22:45:28.334 [warning] [Decorations] CAPPING events from decorations provider vscode.git 267
2026-02-02 22:45:33.427 [warning] [Decorations] CAPPING events from decorations provider vscode.git 267
2026-02-02 22:45:38.529 [warning] [Decorations] CAPPING events from decorations provider vscode.git 267
2026-02-02 22:45:43.629 [warning] [Decorations] CAPPING events from decorations provider vscode.git 268
2026-02-02 22:45:48.736 [warning] [Decorations] CAPPING events from decorations provider vscode.git 268
2026-02-02 22:45:53.832 [warning] [Decorations] CAPPING events from decorations provider vscode.git 268
2026-02-02 22:46:08.900 [warning] [Decorations] CAPPING events from decorations provider vscode.git 269
2026-02-02 22:46:14.025 [warning] [Decorations] CAPPING events from decorations provider vscode.git 268
2026-02-02 22:46:19.115 [warning] [Decorations] CAPPING events from decorations provider vscode.git 268
2026-02-02 22:46:24.771 [warning] [Decorations] CAPPING events from decorations provider vscode.git 268
2026-02-02 22:46:29.861 [warning] [Decorations] CAPPING events from decorations provider vscode.git 268
2026-02-02 22:46:34.953 [warning] [Decorations] CAPPING events from decorations provider vscode.git 268
2026-02-02 22:46:40.039 [warning] [Decorations] CAPPING events from decorations provider vscode.git 268
2026-02-02 22:46:45.138 [warning] [Decorations] CAPPING events from decorations provider vscode.git 268
2026-02-02 22:46:50.230 [warning] [Decorations] CAPPING events from decorations provider vscode.git 268
2026-02-02 22:47:03.016 [warning] [Decorations] CAPPING events from decorations provider vscode.git 269
2026-02-02 22:47:08.103 [warning] [Decorations] CAPPING events from decorations provider vscode.git 269
2026-02-02 22:47:13.251 [warning] [Decorations] CAPPING events from decorations provider vscode.git 270
2026-02-02 22:47:18.348 [warning] [Decorations] CAPPING events from decorations provider vscode.git 271
2026-02-02 22:47:39.149 [warning] [Decorations] CAPPING events from decorations provider vscode.git 270
2026-02-02 22:47:44.238 [warning] [Decorations] CAPPING events from decorations provider vscode.git 270
2026-02-02 22:47:49.335 [warning] [Decorations] CAPPING events from decorations provider vscode.git 270
2026-02-02 22:47:54.434 [warning] [Decorations] CAPPING events from decorations provider vscode.git 271
2026-02-02 22:47:59.520 [warning] [Decorations] CAPPING events from decorations provider vscode.git 271
2026-02-02 22:48:04.618 [warning] [Decorations] CAPPING events from decorations provider vscode.git 271
2026-02-02 22:48:09.698 [warning] [Decorations] CAPPING events from decorations provider vscode.git 271
2026-02-02 22:48:14.800 [warning] [Decorations] CAPPING events from decorations provider vscode.git 272
2026-02-02 22:48:37.185 [warning] [Decorations] CAPPING events from decorations provider vscode.git 272
2026-02-02 22:48:42.288 [warning] [Decorations] CAPPING events from decorations provider vscode.git 272
2026-02-02 22:48:47.375 [warning] [Decorations] CAPPING events from decorations provider vscode.git 272
2026-02-02 22:48:52.460 [warning] [Decorations] CAPPING events from decorations provider vscode.git 272
2026-02-02 22:49:28.721 [warning] [Decorations] CAPPING events from decorations provider vscode.git 273
2026-02-02 22:49:33.818 [warning] [Decorations] CAPPING events from decorations provider vscode.git 273
2026-02-02 22:49:38.912 [warning] [Decorations] CAPPING events from decorations provider vscode.git 273
2026-02-02 22:50:14.438 [warning] [Decorations] CAPPING events from decorations provider vscode.git 273
2026-02-02 22:50:19.535 [warning] [Decorations] CAPPING events from decorations provider vscode.git 273
2026-02-02 22:50:24.637 [warning] [Decorations] CAPPING events from decorations provider vscode.git 273
2026-02-02 22:50:29.778 [warning] [Decorations] CAPPING events from decorations provider vscode.git 273
2026-02-02 22:51:08.960 [warning] [Decorations] CAPPING events from decorations provider vscode.git 273
2026-02-02 22:51:14.059 [warning] [Decorations] CAPPING events from decorations provider vscode.git 273
2026-02-02 22:51:19.149 [warning] [Decorations] CAPPING events from decorations provider vscode.git 273
2026-02-02 22:51:28.746 [warning] [Decorations] CAPPING events from decorations provider vscode.git 273
2026-02-02 22:51:33.835 [warning] [Decorations] CAPPING events from decorations provider vscode.git 273
2026-02-02 22:51:38.924 [warning] [Decorations] CAPPING events from decorations provider vscode.git 273
2026-02-02 22:56:26.192 [warning] [Decorations] CAPPING events from decorations provider vscode.git 274
2026-02-02 22:56:31.328 [warning] [Decorations] CAPPING events from decorations provider vscode.git 274
2026-02-02 22:56:36.413 [warning] [Decorations] CAPPING events from decorations provider vscode.git 274
2026-02-02 22:56:41.509 [warning] [Decorations] CAPPING events from decorations provider vscode.git 274
2026-02-02 22:56:46.603 [warning] [Decorations] CAPPING events from decorations provider vscode.git 274
2026-02-02 22:56:51.694 [warning] [Decorations] CAPPING events from decorations provider vscode.git 274
2026-02-02 22:57:38.358 [warning] [Decorations] CAPPING events from decorations provider vscode.git 274
2026-02-02 22:57:43.457 [warning] [Decorations] CAPPING events from decorations provider vscode.git 274
2026-02-02 22:57:48.543 [warning] [Decorations] CAPPING events from decorations provider vscode.git 274
2026-02-02 22:57:53.641 [warning] [Decorations] CAPPING events from decorations provider vscode.git 274
2026-02-02 22:57:58.732 [warning] [Decorations] CAPPING events from decorations provider vscode.git 274
2026-02-02 22:58:03.823 [warning] [Decorations] CAPPING events from decorations provider vscode.git 274
2026-02-02 22:58:08.905 [warning] [Decorations] CAPPING events from decorations provider vscode.git 274
2026-02-02 22:58:14.000 [warning] [Decorations] CAPPING events from decorations provider vscode.git 274
2026-02-02 22:58:19.146 [warning] [Decorations] CAPPING events from decorations provider vscode.git 274
2026-02-02 22:58:24.247 [warning] [Decorations] CAPPING events from decorations provider vscode.git 274
2026-02-02 22:58:29.333 [warning] [Decorations] CAPPING events from decorations provider vscode.git 275
2026-02-02 22:58:34.454 [warning] [Decorations] CAPPING events from decorations provider vscode.git 275
2026-02-02 22:59:25.858 [warning] [Decorations] CAPPING events from decorations provider vscode.git 274
2026-02-02 22:59:37.552 [warning] [Decorations] CAPPING events from decorations provider vscode.git 274
2026-02-02 22:59:42.656 [warning] [Decorations] CAPPING events from decorations provider vscode.git 275
2026-02-02 22:59:47.744 [warning] [Decorations] CAPPING events from decorations provider vscode.git 275
2026-02-02 22:59:52.840 [warning] [Decorations] CAPPING events from decorations provider vscode.git 275
2026-02-02 22:59:57.931 [warning] [Decorations] CAPPING events from decorations provider vscode.git 275
2026-02-02 23:00:11.897 [warning] [Decorations] CAPPING events from decorations provider vscode.git 276
2026-02-02 23:00:16.982 [warning] [Decorations] CAPPING events from decorations provider vscode.git 275
2026-02-02 23:00:22.074 [warning] [Decorations] CAPPING events from decorations provider vscode.git 275
2026-02-02 23:00:27.173 [warning] [Decorations] CAPPING events from decorations provider vscode.git 275
2026-02-02 23:00:32.287 [warning] [Decorations] CAPPING events from decorations provider vscode.git 275
2026-02-02 23:00:37.378 [warning] [Decorations] CAPPING events from decorations provider vscode.git 275
2026-02-02 23:00:42.460 [warning] [Decorations] CAPPING events from decorations provider vscode.git 275
2026-02-02 23:00:47.551 [warning] [Decorations] CAPPING events from decorations provider vscode.git 275
2026-02-02 23:00:52.647 [warning] [Decorations] CAPPING events from decorations provider vscode.git 275
2026-02-02 23:00:57.735 [warning] [Decorations] CAPPING events from decorations provider vscode.git 275
2026-02-02 23:01:02.821 [warning] [Decorations] CAPPING events from decorations provider vscode.git 275
2026-02-02 23:01:07.908 [warning] [Decorations] CAPPING events from decorations provider vscode.git 275
2026-02-02 23:01:12.997 [warning] [Decorations] CAPPING events from decorations provider vscode.git 276
2026-02-02 23:01:18.079 [warning] [Decorations] CAPPING events from decorations provider vscode.git 276
2026-02-02 23:01:23.182 [warning] [Decorations] CAPPING events from decorations provider vscode.git 276
2026-02-02 23:01:28.267 [warning] [Decorations] CAPPING events from decorations provider vscode.git 276
2026-02-02 23:01:33.355 [warning] [Decorations] CAPPING events from decorations provider vscode.git 276
2026-02-02 23:01:38.445 [warning] [Decorations] CAPPING events from decorations provider vscode.git 276
2026-02-02 23:02:56.776 [warning] [Decorations] CAPPING events from decorations provider vscode.git 276
2026-02-02 23:03:01.880 [warning] [Decorations] CAPPING events from decorations provider vscode.git 276
2026-02-02 23:03:07.007 [warning] [Decorations] CAPPING events from decorations provider vscode.git 276
2026-02-02 23:03:12.095 [warning] [Decorations] CAPPING events from decorations provider vscode.git 276
2026-02-02 23:03:17.196 [warning] [Decorations] CAPPING events from decorations provider vscode.git 276
2026-02-02 23:03:48.898 [warning] [Decorations] CAPPING events from decorations provider vscode.git 276
2026-02-02 23:03:53.989 [warning] [Decorations] CAPPING events from decorations provider vscode.git 276
2026-02-02 23:03:59.077 [warning] [Decorations] CAPPING events from decorations provider vscode.git 276
2026-02-02 23:04:04.172 [warning] [Decorations] CAPPING events from decorations provider vscode.git 276
2026-02-02 23:07:11.109 [warning] [Decorations] CAPPING events from decorations provider vscode.git 277
2026-02-02 23:12:01.571 [warning] [Decorations] CAPPING events from decorations provider vscode.git 276
2026-02-02 23:12:06.665 [warning] [Decorations] CAPPING events from decorations provider vscode.git 277
2026-02-02 23:12:11.752 [warning] [Decorations] CAPPING events from decorations provider vscode.git 277
2026-02-02 23:12:16.837 [warning] [Decorations] CAPPING events from decorations provider vscode.git 276
2026-02-02 23:12:25.969 [warning] [Decorations] CAPPING events from decorations provider vscode.git 276
2026-02-02 23:12:31.055 [warning] [Decorations] CAPPING events from decorations provider vscode.git 276
2026-02-02 23:12:36.143 [warning] [Decorations] CAPPING events from decorations provider vscode.git 276
2026-02-02 23:12:44.593 [warning] [Decorations] CAPPING events from decorations provider vscode.git 276
2026-02-02 23:12:49.682 [warning] [Decorations] CAPPING events from decorations provider vscode.git 276
2026-02-02 23:12:54.774 [warning] [Decorations] CAPPING events from decorations provider vscode.git 276
2026-02-02 23:13:13.964 [warning] [Decorations] CAPPING events from decorations provider vscode.git 276
2026-02-02 23:13:19.049 [warning] [Decorations] CAPPING events from decorations provider vscode.git 276
2026-02-02 23:13:32.293 [warning] [Decorations] CAPPING events from decorations provider vscode.git 276
2026-02-02 23:13:37.468 [warning] [Decorations] CAPPING events from decorations provider vscode.git 277
2026-02-02 23:13:45.736 [warning] [Decorations] CAPPING events from decorations provider vscode.git 277
2026-02-02 23:13:50.859 [warning] [Decorations] CAPPING events from decorations provider vscode.git 278
2026-02-02 23:13:55.945 [warning] [Decorations] CAPPING events from decorations provider vscode.git 278
2026-02-02 23:14:01.028 [warning] [Decorations] CAPPING events from decorations provider vscode.git 278
2026-02-02 23:14:06.115 [warning] [Decorations] CAPPING events from decorations provider vscode.git 278
2026-02-02 23:14:11.218 [warning] [Decorations] CAPPING events from decorations provider vscode.git 278
2026-02-02 23:14:16.308 [warning] [Decorations] CAPPING events from decorations provider vscode.git 278
2026-02-02 23:14:21.401 [warning] [Decorations] CAPPING events from decorations provider vscode.git 278
2026-02-02 23:14:26.491 [warning] [Decorations] CAPPING events from decorations provider vscode.git 278
2026-02-02 23:14:31.574 [warning] [Decorations] CAPPING events from decorations provider vscode.git 278
2026-02-02 23:14:36.664 [warning] [Decorations] CAPPING events from decorations provider vscode.git 278
2026-02-02 23:14:48.546 [warning] [Decorations] CAPPING events from decorations provider vscode.git 278
2026-02-02 23:14:53.656 [warning] [Decorations] CAPPING events from decorations provider vscode.git 278
2026-02-02 23:14:58.753 [warning] [Decorations] CAPPING events from decorations provider vscode.git 278
2026-02-02 23:15:03.905 [warning] [Decorations] CAPPING events from decorations provider vscode.git 279
2026-02-02 23:15:08.997 [warning] [Decorations] CAPPING events from decorations provider vscode.git 279
2026-02-02 23:15:14.085 [warning] [Decorations] CAPPING events from decorations provider vscode.git 279
2026-02-02 23:15:19.165 [warning] [Decorations] CAPPING events from decorations provider vscode.git 279
2026-02-02 23:15:24.262 [warning] [Decorations] CAPPING events from decorations provider vscode.git 279
2026-02-02 23:15:29.352 [warning] [Decorations] CAPPING events from decorations provider vscode.git 279
2026-02-02 23:15:34.434 [warning] [Decorations] CAPPING events from decorations provider vscode.git 279
2026-02-02 23:16:00.926 [warning] [Decorations] CAPPING events from decorations provider vscode.git 279
2026-02-02 23:16:06.013 [warning] [Decorations] CAPPING events from decorations provider vscode.git 279
2026-02-02 23:16:11.102 [warning] [Decorations] CAPPING events from decorations provider vscode.git 279
2026-02-02 23:16:16.202 [warning] [Decorations] CAPPING events from decorations provider vscode.git 279
2026-02-02 23:16:21.299 [warning] [Decorations] CAPPING events from decorations provider vscode.git 279
2026-02-02 23:16:26.384 [warning] [Decorations] CAPPING events from decorations provider vscode.git 279
2026-02-02 23:16:31.494 [warning] [Decorations] CAPPING events from decorations provider vscode.git 279
2026-02-02 23:16:36.584 [warning] [Decorations] CAPPING events from decorations provider vscode.git 279
2026-02-02 23:16:41.663 [warning] [Decorations] CAPPING events from decorations provider vscode.git 279
2026-02-02 23:16:46.750 [warning] [Decorations] CAPPING events from decorations provider vscode.git 279
2026-02-02 23:16:51.850 [warning] [Decorations] CAPPING events from decorations provider vscode.git 279
2026-02-02 23:16:56.938 [warning] [Decorations] CAPPING events from decorations provider vscode.git 279
2026-02-02 23:17:02.045 [warning] [Decorations] CAPPING events from decorations provider vscode.git 279
2026-02-02 23:17:59.529 [warning] [Decorations] CAPPING events from decorations provider vscode.git 279
2026-02-02 23:18:04.684 [warning] [Decorations] CAPPING events from decorations provider vscode.git 279
2026-02-02 23:18:09.767 [warning] [Decorations] CAPPING events from decorations provider vscode.git 279
2026-02-02 23:18:23.247 [warning] [Decorations] CAPPING events from decorations provider vscode.git 279
2026-02-02 23:18:28.344 [warning] [Decorations] CAPPING events from decorations provider vscode.git 279
2026-02-02 23:18:33.433 [warning] [Decorations] CAPPING events from decorations provider vscode.git 279
2026-02-02 23:18:38.521 [warning] [Decorations] CAPPING events from decorations provider vscode.git 279
2026-02-02 23:18:43.611 [warning] [Decorations] CAPPING events from decorations provider vscode.git 280
2026-02-02 23:18:48.696 [warning] [Decorations] CAPPING events from decorations provider vscode.git 279
2026-02-02 23:18:53.777 [warning] [Decorations] CAPPING events from decorations provider vscode.git 280
2026-02-02 23:18:58.868 [warning] [Decorations] CAPPING events from decorations provider vscode.git 280
2026-02-02 23:19:03.958 [warning] [Decorations] CAPPING events from decorations provider vscode.git 281
2026-02-02 23:19:09.051 [warning] [Decorations] CAPPING events from decorations provider vscode.git 281
2026-02-02 23:19:14.145 [warning] [Decorations] CAPPING events from decorations provider vscode.git 281
2026-02-02 23:19:19.234 [warning] [Decorations] CAPPING events from decorations provider vscode.git 281
2026-02-02 23:19:24.325 [warning] [Decorations] CAPPING events from decorations provider vscode.git 281
2026-02-02 23:19:29.445 [warning] [Decorations] CAPPING events from decorations provider vscode.git 281
2026-02-02 23:19:34.626 [warning] [Decorations] CAPPING events from decorations provider vscode.git 281
2026-02-02 23:19:39.716 [warning] [Decorations] CAPPING events from decorations provider vscode.git 281
2026-02-02 23:19:44.812 [warning] [Decorations] CAPPING events from decorations provider vscode.git 281
2026-02-02 23:19:49.934 [warning] [Decorations] CAPPING events from decorations provider vscode.git 281
2026-02-02 23:28:58.849 [warning] [Decorations] CAPPING events from decorations provider vscode.git 281
2026-02-02 23:29:03.957 [warning] [Decorations] CAPPING events from decorations provider vscode.git 281
2026-02-03 00:17:45.522 [warning] [Decorations] CAPPING events from decorations provider vscode.git 281
2026-02-03 00:17:50.629 [warning] [Decorations] CAPPING events from decorations provider vscode.git 281
2026-02-03 00:17:55.748 [warning] [Decorations] CAPPING events from decorations provider vscode.git 281
2026-02-03 00:18:00.843 [warning] [Decorations] CAPPING events from decorations provider vscode.git 281
2026-02-03 00:18:05.957 [warning] [Decorations] CAPPING events from decorations provider vscode.git 281
2026-02-03 00:18:11.064 [warning] [Decorations] CAPPING events from decorations provider vscode.git 281
2026-02-03 00:18:16.164 [warning] [Decorations] CAPPING events from decorations provider vscode.git 281
2026-02-03 00:18:21.276 [warning] [Decorations] CAPPING events from decorations provider vscode.git 281
2026-02-03 00:18:21.857 [warning] [Decorations] CAPPING events from decorations provider vscode.git 281
2026-02-03 00:18:26.353 [warning] [Decorations] CAPPING events from decorations provider vscode.git 281
2026-02-03 00:18:31.428 [warning] [Decorations] CAPPING events from decorations provider vscode.git 281
2026-02-03 00:18:36.512 [warning] [Decorations] CAPPING events from decorations provider vscode.git 281
2026-02-03 00:18:41.605 [warning] [Decorations] CAPPING events from decorations provider vscode.git 281
2026-02-03 00:18:46.688 [warning] [Decorations] CAPPING events from decorations provider vscode.git 281
2026-02-03 00:18:51.767 [warning] [Decorations] CAPPING events from decorations provider vscode.git 281
2026-02-03 00:18:56.854 [warning] [Decorations] CAPPING events from decorations provider vscode.git 281
2026-02-03 00:19:01.941 [warning] [Decorations] CAPPING events from decorations provider vscode.git 281
2026-02-03 00:19:07.010 [warning] [Decorations] CAPPING events from decorations provider vscode.git 281
2026-02-03 00:19:12.117 [warning] [Decorations] CAPPING events from decorations provider vscode.git 281
2026-02-03 00:19:17.193 [warning] [Decorations] CAPPING events from decorations provider vscode.git 281
2026-02-03 00:19:22.282 [warning] [Decorations] CAPPING events from decorations provider vscode.git 281
2026-02-03 00:19:27.355 [warning] [Decorations] CAPPING events from decorations provider vscode.git 281
2026-02-03 00:19:32.439 [warning] [Decorations] CAPPING events from decorations provider vscode.git 281
2026-02-03 00:19:37.535 [warning] [Decorations] CAPPING events from decorations provider vscode.git 281
2026-02-03 00:19:38.696 [warning] [Decorations] CAPPING events from decorations provider vscode.git 281
